[0.375s] Invoking command in '/mnt/c/Users/luism/Documents/Ubuntu/car/workspace/build/car_cpp': CMAKE_PREFIX_PATH=/opt/ros/humble /usr/bin/cmake /mnt/c/Users/luism/Documents/Ubuntu/car/workspace/src/car_cpp -DCMAKE_INSTALL_PREFIX=/mnt/c/Users/luism/Documents/Ubuntu/car/workspace/install/car_cpp
[0.807s] -- The C compiler identification is GNU 11.4.0
[1.579s] -- The CXX compiler identification is GNU 11.4.0
[2.027s] -- Detecting C compiler ABI info
[2.609s] -- Detecting C compiler ABI info - done
[2.632s] -- Check for working C compiler: /usr/bin/cc - skipped
[2.633s] -- Detecting C compile features
[2.634s] -- Detecting C compile features - done
[2.689s] -- Detecting CXX compiler ABI info
[3.386s] -- Detecting CXX compiler ABI info - done
[3.410s] -- Check for working CXX compiler: /usr/bin/c++ - skipped
[3.411s] -- Detecting CXX compile features
[3.412s] -- Detecting CXX compile features - done
[3.476s] -- Found ament_cmake: 1.3.10 (/opt/ros/humble/share/ament_cmake/cmake)
[3.631s] -- Found Python3: /usr/bin/python3 (found version "3.10.12") found components: Interpreter 
[3.836s] -- Found rclcpp: 16.0.10 (/opt/ros/humble/share/rclcpp/cmake)
[4.101s] -- Found rosidl_generator_c: 3.1.5 (/opt/ros/humble/share/rosidl_generator_c/cmake)
[4.107s] -- Found rosidl_adapter: 3.1.5 (/opt/ros/humble/share/rosidl_adapter/cmake)
[4.117s] -- Found rosidl_generator_cpp: 3.1.5 (/opt/ros/humble/share/rosidl_generator_cpp/cmake)
[4.136s] -- Using all available rosidl_typesupport_c: rosidl_typesupport_fastrtps_c;rosidl_typesupport_introspection_c
[4.156s] -- Using all available rosidl_typesupport_cpp: rosidl_typesupport_fastrtps_cpp;rosidl_typesupport_introspection_cpp
[4.217s] -- Found rmw_implementation_cmake: 6.1.2 (/opt/ros/humble/share/rmw_implementation_cmake/cmake)
[4.221s] -- Found rmw_fastrtps_cpp: 6.2.7 (/opt/ros/humble/share/rmw_fastrtps_cpp/cmake)
[5.548s] -- Found OpenSSL: /usr/lib/x86_64-linux-gnu/libcrypto.so (found version "3.0.2")  
[6.928s] -- Found FastRTPS: /opt/ros/humble/include  
[9.450s] -- Using RMW implementation 'rmw_fastrtps_cpp' as default
[9.492s] -- Looking for pthread.h
[10.021s] -- Looking for pthread.h - found
[10.030s] -- Performing Test CMAKE_HAVE_LIBC_PTHREAD
[10.563s] -- Performing Test CMAKE_HAVE_LIBC_PTHREAD - Success
[10.568s] -- Found Threads: TRUE  
[10.641s] -- Found ament_lint_auto: 0.12.11 (/opt/ros/humble/share/ament_lint_auto/cmake)
[11.131s] -- Added test 'cppcheck' to perform static code analysis on C / C++ code
[11.131s] -- Configured cppcheck include dirs: 
[11.132s] -- Configured cppcheck exclude dirs and/or files: 
[11.204s] -- Added test 'lint_cmake' to check CMake code style
[11.421s] -- Added test 'uncrustify' to check C / C++ code style
[11.422s] -- Configured uncrustify additional arguments: 
[11.452s] -- Added test 'xmllint' to check XML markup files
[11.563s] -- Configuring done
[11.867s] -- Generating done
[11.943s] -- Build files have been written to: /mnt/c/Users/luism/Documents/Ubuntu/car/workspace/build/car_cpp
[11.951s] Invoked command in '/mnt/c/Users/luism/Documents/Ubuntu/car/workspace/build/car_cpp' returned '0': CMAKE_PREFIX_PATH=/opt/ros/humble /usr/bin/cmake /mnt/c/Users/luism/Documents/Ubuntu/car/workspace/src/car_cpp -DCMAKE_INSTALL_PREFIX=/mnt/c/Users/luism/Documents/Ubuntu/car/workspace/install/car_cpp
[11.961s] Invoking command in '/mnt/c/Users/luism/Documents/Ubuntu/car/workspace/build/car_cpp': CMAKE_PREFIX_PATH=/opt/ros/humble /usr/bin/cmake --build /mnt/c/Users/luism/Documents/Ubuntu/car/workspace/build/car_cpp -- -j12 -l12
[12.108s] [ 50%] [32mBuilding CXX object CMakeFiles/test_node.dir/src/test_node.cpp.o[0m
[12.138s] [01m[K/mnt/c/Users/luism/Documents/Ubuntu/car/workspace/src/car_cpp/src/test_node.cpp:2:10:[m[K [01;31m[Kfatal error: [m[Krclcpp/rclcpp.hpp: No such file or directory
[12.139s]     2 | #include [01;31m[K"rclcpp/rclcpp.hpp"[m[K
[12.140s]       |          [01;31m[K^~~~~~~~~~~~~~~~~~~[m[K
[12.140s] compilation terminated.
[12.141s] gmake[2]: *** [CMakeFiles/test_node.dir/build.make:76: CMakeFiles/test_node.dir/src/test_node.cpp.o] Error 1
[12.142s] gmake[1]: *** [CMakeFiles/Makefile2:137: CMakeFiles/test_node.dir/all] Error 2
[12.143s] gmake: *** [Makefile:146: all] Error 2
[12.144s] Invoked command in '/mnt/c/Users/luism/Documents/Ubuntu/car/workspace/build/car_cpp' returned '2': CMAKE_PREFIX_PATH=/opt/ros/humble /usr/bin/cmake --build /mnt/c/Users/luism/Documents/Ubuntu/car/workspace/build/car_cpp -- -j12 -l12
